Content-Type: text/plain; charset="utf-8"
MIME-Version: 1.0
Content-Transfer-Encoding: 7bit
Subject: Password Reset
From: admin@yourdomain.com
To: gravity@gmail.com
Date: Sun, 21 Jul 2024 10:53:46 -0000
Message-ID: <172155922601.21304.6467824983948259751@K086LTRV.ustr.com>

<!DOCTYPE html>
<html lang="en">
    <head>
        <meta charset="UTF-8">
        <meta name="viewport" content="width=device-width, initial-scale=1.0">
        <title>Password Reset E-Mail</title>
    </head>
    <body>
        <!-- TODO: Parse here the username -->
        <p>Hallo , gravity</p>

        <p>You have requested to reset your password. Please click the link below to reset your password:</p>

        <!-- TODO: Create a clickable reset link -->
        <p><a href="http://localhost:5173/password_reset_confirm/Ng/caiw7l-2cd3f216a6c85855637bac296a1cfe41/">Reset password </a></p>

        <p>If you did not request this, please ignore this email and your password will remain unchanged.</p>

        <p>Regards,<br>Your Website Team</p>
    </body>
</html>
-------------------------------------------------------------------------------
