Content-Type: text/plain; charset="utf-8"
MIME-Version: 1.0
Content-Transfer-Encoding: 7bit
Subject: Password Reset
From: admin@yourdomain.com
To: test123@gmail.com
Date: Fri, 26 Jul 2024 13:53:35 -0000
Message-ID: <172200201516.16576.3125100189114190803@K086LTRV.ustr.com>

<!DOCTYPE html>
<html lang="en">
    <head>
        <meta charset="UTF-8">
        <meta name="viewport" content="width=device-width, initial-scale=1.0">
        <title>Password Reset E-Mail</title>
    </head>
    <body>
        <!-- TODO: Parse here the username -->
        <p>Hallo , test123</p>

        <p>You have requested to reset your password. Please click the link below to reset your password:</p>

        <!-- TODO: Create a clickable reset link -->
        <p><a href="http://localhost:5173/password_reset_confirm/OA/casdvb-d754cf1113b64d7f001b600dcd807c5d/">Reset password </a></p>

        <p>If you did not request this, please ignore this email and your password will remain unchanged.</p>

        <p>Regards,<br>Your Website Team</p>
    </body>
</html>
-------------------------------------------------------------------------------
