Content-Type: text/plain; charset="utf-8"
MIME-Version: 1.0
Content-Transfer-Encoding: 7bit
Subject: Password Reset
From: admin@yourdomain.com
To: hello@gmail.com
Date: Tue, 16 Jul 2024 18:48:06 -0000
Message-ID: <172115568620.28520.12328725356432846381@K086LTRV.ustr.com>

<!DOCTYPE html>
<html lang="en">
    <head>
        <meta charset="UTF-8">
        <meta name="viewport" content="width=device-width, initial-scale=1.0">
        <title>Password Reset E-Mail</title>
    </head>
    <body>
        <!-- TODO: Parse here the username -->
        <p>Hallo ,</p>

        <p>You have requested to reset your password. Please click the link below to reset your password:</p>

        <!-- TODO: Create a clickable reset link -->


        <p>If you did not request this, please ignore this email and your password will remain unchanged.</p>

        <p>Regards,<br>Your Website Team</p>
    </body>
</html>
-------------------------------------------------------------------------------
